#
# A fatal error has been detected by the Java Runtime Environment:
#
#  EXCEPTION_ACCESS_VIOLATION (0xc0000005) at pc=0x0000000060c604e4, pid=10196, tid=0x00000000000015c4
#
# JRE version: OpenJDK Runtime Environment (8.0_112-b06) (build 1.8.0_112-release-b06)
# Java VM: OpenJDK 64-Bit Server VM (25.112-b06 mixed mode windows-amd64 compressed oops)
# Problematic frame:
# V  [jvm.dll+0x1e04e4]
#
# Failed to write core dump. Minidumps are not enabled by default on client versions of Windows
#
# If you would like to submit a bug report, please visit:
#   http://bugreport.java.com/bugreport/crash.jsp
#

---------------  T H R E A D  ---------------

Current thread (0x000000001f1e5000):  JavaThread "pool-9-thread-4" [_thread_in_Java, id=5572, stack(0x00000000239c0000,0x0000000023ac0000)]

siginfo: ExceptionCode=0xc0000005, reading address 0x0000000000000000

Registers:
RAX=0x0000000023abd7c8, RBX=0x0000000000000000, RCX=0x0000000023abd7c8, RDX=0x000000100352d070
RSP=0x0000000023abd6f0, RBP=0x0000000023abd7f0, RSI=0x0000000000000001, RDI=0x0000000000000000
R8 =0x000000000000000a, R9 =0x0000000000000800, R10=0x0000000023abda90, R11=0x0000000023abe930
R12=0x0000000000000000, R13=0x000000000000000f, R14=0x000000001f1e5000, R15=0x0000000000000000
RIP=0x0000000060c604e4, EFLAGS=0x0000000000010202

Top of Stack: (sp=0x0000000023abd6f0)
0x0000000023abd6f0:   000000001f1e5000 0000000000000000
0x0000000023abd700:   0000000023abd880 0000000060c5012a
0x0000000023abd710:   0000000020bf4b38 000000001f1e5000
0x0000000023abd720:   0000000020bf4b38 000000001f1e5000
0x0000000023abd730:   0000000023abd980 00000000031483e0
0x0000000023abd740:   0000000000000004 0000000023abd820
0x0000000023abd750:   0000000023abe680 00000000032770e1
0x0000000023abd760:   0000000003276ed0 0000000000000000
0x0000000023abd770:   0000000000000000 0000000023abe680
0x0000000023abd780:   00000000000013dd 00000000610529f8
0x0000000023abd790:   000000001f1e5000 0000000060c5bb45
0x0000000023abd7a0:   0000000020bf4b38 000000001f1e5000
0x0000000023abd7b0:   0000000020bf4b38 000000001f1e5000
0x0000000023abd7c0:   00000000031483e0 0000000023abe940
0x0000000023abd7d0:   000000100352d070 0000000000000000
0x0000000023abd7e0:   0000000000000000 0000000000000001 

Instructions: (pc=0x0000000060c604e4)
0x0000000060c604c4:   8b d6 e8 c5 63 00 00 4c 8d 85 a0 02 00 00 48 8d
0x0000000060c604d4:   55 d8 48 8d 4c 24 60 e8 40 53 0c 00 48 8b 5d e8
0x0000000060c604e4:   48 8b 03 48 8b cb ff 50 08 49 8b cf 84 c0 48 0f
0x0000000060c604f4:   45 cb 33 d2 49 89 8e f8 01 00 00 8d 4a 20 e8 09 


Register to memory mapping:

RAX=0x0000000023abd7c8 is pointing into the stack for thread: 0x000000001f1e5000
RBX=0x0000000000000000 is an unknown value
RCX=0x0000000023abd7c8 is pointing into the stack for thread: 0x000000001f1e5000
RDX=0x000000100352d070 is an unknown value
RSP=0x0000000023abd6f0 is pointing into the stack for thread: 0x000000001f1e5000
RBP=0x0000000023abd7f0 is pointing into the stack for thread: 0x000000001f1e5000
RSI=0x0000000000000001 is an unknown value
RDI=0x0000000000000000 is an unknown value
R8 =0x000000000000000a is an unknown value
R9 =0x0000000000000800 is an unknown value
R10=0x0000000023abda90 is pointing into the stack for thread: 0x000000001f1e5000
R11=0x0000000023abe930 is pointing into the stack for thread: 0x000000001f1e5000
R12=0x0000000000000000 is an unknown value
R13=0x000000000000000f is an unknown value
R14=0x000000001f1e5000 is a thread
R15=0x0000000000000000 is an unknown value


Stack: [0x00000000239c0000,0x0000000023ac0000],  sp=0x0000000023abd6f0,  free space=1013k
Native frames: (J=compiled Java code, j=interpreted, Vv=VM code, C=native code)
V  [jvm.dll+0x1e04e4]
V  [jvm.dll+0x1e12bd]
C  0x00000000032770e1

Java frames: (J=compiled Java code, j=interpreted, Vv=VM code)
v  ~DeoptimizationBlob
C  0x000000100352d070

[error occurred during error reporting (printing Java stack), id 0xc0000005]


---------------  P R O C E S S  ---------------

Java Threads: ( => current thread )
=>0x000000001f1e5000 JavaThread "pool-9-thread-4" [_thread_in_Java, id=5572, stack(0x00000000239c0000,0x0000000023ac0000)]
  0x000000001f1e6800 JavaThread "pool-10-thread-2" [_thread_in_Java, id=4848, stack(0x00000000236c0000,0x00000000237c0000)]
  0x000000001f1df800 JavaThread "pool-12-thread-1" [_thread_blocked, id=8476, stack(0x00000000231c0000,0x00000000232c0000)]
  0x000000001f1df000 JavaThread "pool-14-thread-1" [_thread_blocked, id=4528, stack(0x0000000022fc0000,0x00000000230c0000)]
  0x000000001f1de000 JavaThread "pool-5-thread-3" [_thread_blocked, id=8992, stack(0x0000000022dc0000,0x0000000022ec0000)]
  0x000000001f1dc000 JavaThread "pool-5-thread-1" [_thread_blocked, id=5968, stack(0x0000000022cc0000,0x0000000022dc0000)]
  0x000000001f1db000 JavaThread "pool-5-thread-2" [_thread_blocked, id=8372, stack(0x0000000022bc0000,0x0000000022cc0000)]
  0x000000001f1dc800 JavaThread "pool-3-thread-3" [_thread_blocked, id=5364, stack(0x0000000022ac0000,0x0000000022bc0000)]
  0x000000001f1d9800 JavaThread "pool-3-thread-2" [_thread_blocked, id=7556, stack(0x00000000229c0000,0x0000000022ac0000)]
  0x000000001f1dd800 JavaThread "pool-3-thread-1" [_thread_blocked, id=3508, stack(0x00000000228c0000,0x00000000229c0000)]
  0x000000001b585000 JavaThread "Cache update executor" [_thread_blocked, id=10156, stack(0x00000000221c0000,0x00000000222c0000)]
  0x000000001b582000 JavaThread "Stdin handler" [_thread_blocked, id=800, stack(0x00000000220c0000,0x00000000221c0000)]
  0x000000001b583800 JavaThread "Asynchronous log dispatcher for DefaultDaemonConnection: socket connection from /127.0.0.1:54494 to /127.0.0.1:55391" [_thread_blocked, id=5560, stack(0x0000000021fc0000,0x00000000220c0000)]
  0x000000001b587000 JavaThread "Daemon worker Thread 3" [_thread_blocked, id=5508, stack(0x0000000021ec0000,0x0000000021fc0000)]
  0x000000001b586800 JavaThread "Cancel handler" [_thread_blocked, id=7964, stack(0x0000000021dc0000,0x0000000021ec0000)]
  0x000000001b588800 JavaThread "Handler for socket connection from /127.0.0.1:54494 to /127.0.0.1:55391" [_thread_in_native, id=332, stack(0x0000000021cc0000,0x0000000021dc0000)]
  0x000000001b582800 JavaThread "Daemon Thread 3" [_thread_blocked, id=4976, stack(0x0000000021bc0000,0x0000000021cc0000)]
  0x000000001b403000 JavaThread "File lock request listener" [_thread_in_native, id=8324, stack(0x000000001c0c0000,0x000000001c1c0000)]
  0x000000001948a000 JavaThread "pool-1-thread-1" [_thread_blocked, id=8480, stack(0x000000001a9f0000,0x000000001aaf0000)]
  0x000000001917b800 JavaThread "Incoming local TCP Connector on port 54494" [_thread_in_native, id=2324, stack(0x000000001a3c0000,0x000000001a4c0000)]
  0x0000000017fd6800 JavaThread "Service Thread" daemon [_thread_blocked, id=10672, stack(0x00000000184b0000,0x00000000185b0000)]
  0x0000000016afe000 JavaThread "C1 CompilerThread1" daemon [_thread_blocked, id=3160, stack(0x00000000183b0000,0x00000000184b0000)]
  0x0000000016ac4000 JavaThread "C2 CompilerThread0" daemon [_thread_in_native, id=9672, stack(0x0000000017eb0000,0x0000000017fb0000)]
  0x0000000016ac2800 JavaThread "Attach Listener" daemon [_thread_blocked, id=10100, stack(0x0000000017db0000,0x0000000017eb0000)]
  0x0000000016a74800 JavaThread "Signal Dispatcher" daemon [_thread_blocked, id=9228, stack(0x0000000017cb0000,0x0000000017db0000)]
  0x0000000016a67800 JavaThread "Finalizer" daemon [_thread_blocked, id=5004, stack(0x00000000179c0000,0x0000000017ac0000)]
  0x000000000321e000 JavaThread "Reference Handler" daemon [_thread_blocked, id=6080, stack(0x00000000178c0000,0x00000000179c0000)]
  0x0000000003130800 JavaThread "main" [_thread_blocked, id=1068, stack(0x0000000003030000,0x0000000003130000)]

Other Threads:
  0x0000000016a44000 VMThread [stack: 0x00000000177c0000,0x00000000178c0000] [id=7364]
  0x0000000017fdb800 WatcherThread [stack: 0x00000000185b0000,0x00000000186b0000] [id=3552]

VM state:not at safepoint (normal execution)

VM Mutex/Monitor currently owned by a thread: None

Heap:
 PSYoungGen      total 161792K, used 37648K [0x00000000e0000000, 0x00000000ed900000, 0x0000000100000000)
  eden space 143872K, 13% used [0x00000000e0000000,0x00000000e134bfb8,0x00000000e8c80000)
  from space 17920K, 99% used [0x00000000ebe80000,0x00000000ecff8248,0x00000000ed000000)
  to   space 9216K, 0% used [0x00000000ed000000,0x00000000ed000000,0x00000000ed900000)
 ParOldGen       total 98816K, used 55955K [0x00000000a0000000, 0x00000000a6080000, 0x00000000e0000000)
  object space 98816K, 56% used [0x00000000a0000000,0x00000000a36a4d50,0x00000000a6080000)
 Metaspace       used 72455K, capacity 75964K, committed 76288K, reserved 1116160K
  class space    used 9479K, capacity 10134K, committed 10240K, reserved 1048576K

Card table byte_map: [0x00000000125f0000,0x0000000012900000] byte_map_base: 0x00000000120f0000

Marking Bits: (ParMarkBitMap*) 0x00000000612418f0
 Begin Bits: [0x0000000012e00000, 0x0000000014600000)
 End Bits:   [0x0000000014600000, 0x0000000015e00000)

Polling page: 0x0000000001630000

CodeCache: size=245760Kb used=35080Kb max_used=35862Kb free=210679Kb
 bounds [0x0000000003230000, 0x0000000005570000, 0x0000000012230000]
 total_blobs=11692 nmethods=10905 adapters=700
 compilation: enabled

Compilation events (10 events):
Event: 4244.082 Thread 0x0000000016afe000 13168 %     3       com.android.dx.rop.code.RegisterSpecSet::equals @ 49 (106 bytes)
Event: 4244.083 Thread 0x0000000016afe000 nmethod 13168% 0x0000000004a12490 code [0x0000000004a12680, 0x0000000004a13208]
Event: 4244.083 Thread 0x0000000016afe000 13164       2       com.android.dx.util.ListIntSet$1::next (37 bytes)
Event: 4244.083 Thread 0x0000000016afe000 nmethod 13164 0x0000000003479790 code [0x0000000003479900, 0x0000000003479b58]
Event: 4244.083 Thread 0x0000000016afe000 13151       2       com.android.dx.ssa.SsaBasicBlock::addLiveIn (32 bytes)
Event: 4244.083 Thread 0x0000000016afe000 nmethod 13151 0x000000000453b010 code [0x000000000453b1a0, 0x000000000453b588]
Event: 4244.083 Thread 0x0000000016afe000 13149       2       com.android.dx.ssa.SsaBasicBlock::addLiveOut (32 bytes)
Event: 4244.084 Thread 0x0000000016afe000 nmethod 13149 0x0000000004be09d0 code [0x0000000004be0b60, 0x0000000004be0f48]
Event: 4244.084 Thread 0x0000000016afe000 13150       2       com.android.dx.ssa.SetFactory::makeLivenessSet (26 bytes)
Event: 4244.084 Thread 0x0000000016afe000 nmethod 13150 0x00000000049baed0 code [0x00000000049bb080, 0x00000000049bb538]

GC Heap History (10 events):
Event: 39.123 GC heap before
{Heap before GC invocations=16 (full 3):
 PSYoungGen      total 184832K, used 16344K [0x00000000e0000000, 0x00000000efd00000, 0x0000000100000000)
  eden space 167424K, 0% used [0x00000000e0000000,0x00000000e0000000,0x00000000ea380000)
  from space 17408K, 93% used [0x00000000ea380000,0x00000000eb376338,0x00000000eb480000)
  to   space 19456K, 0% used [0x00000000eea00000,0x00000000eea00000,0x00000000efd00000)
 ParOldGen       total 54272K, used 33579K [0x00000000a0000000, 0x00000000a3500000, 0x00000000e0000000)
  object space 54272K, 61% used [0x00000000a0000000,0x00000000a20cacb0,0x00000000a3500000)
 Metaspace       used 56833K, capacity 59156K, committed 59160K, reserved 1099776K
  class space    used 7580K, capacity 8061K, committed 8064K, reserved 1048576K
Event: 39.579 GC heap after
Heap after GC invocations=16 (full 3):
 PSYoungGen      total 184832K, used 0K [0x00000000e0000000, 0x00000000efd00000, 0x0000000100000000)
  eden space 167424K, 0% used [0x00000000e0000000,0x00000000e0000000,0x00000000ea380000)
  from space 17408K, 0% used [0x00000000ea380000,0x00000000ea380000,0x00000000eb480000)
  to   space 19456K, 0% used [0x00000000eea00000,0x00000000eea00000,0x00000000efd00000)
 ParOldGen       total 98816K, used 44043K [0x00000000a0000000, 0x00000000a6080000, 0x00000000e0000000)
  object space 98816K, 44% used [0x00000000a0000000,0x00000000a2b02ca8,0x00000000a6080000)
 Metaspace       used 56833K, capacity 59156K, committed 59160K, reserved 1099776K
  class space    used 7580K, capacity 8061K, committed 8064K, reserved 1048576K
}
Event: 3759.875 GC heap before
{Heap before GC invocations=17 (full 3):
 PSYoungGen      total 184832K, used 167424K [0x00000000e0000000, 0x00000000efd00000, 0x0000000100000000)
  eden space 167424K, 100% used [0x00000000e0000000,0x00000000ea380000,0x00000000ea380000)
  from space 17408K, 0% used [0x00000000ea380000,0x00000000ea380000,0x00000000eb480000)
  to   space 19456K, 0% used [0x00000000eea00000,0x00000000eea00000,0x00000000efd00000)
 ParOldGen       total 98816K, used 44043K [0x00000000a0000000, 0x00000000a6080000, 0x00000000e0000000)
  object space 98816K, 44% used [0x00000000a0000000,0x00000000a2b02ca8,0x00000000a6080000)
 Metaspace       used 59600K, capacity 62112K, committed 62208K, reserved 1103872K
  class space    used 7908K, capacity 8437K, committed 8448K, reserved 1048576K
Event: 3760.064 GC heap after
Heap after GC invocations=17 (full 3):
 PSYoungGen      total 168960K, used 7424K [0x00000000e0000000, 0x00000000ef180000, 0x0000000100000000)
  eden space 161280K, 0% used [0x00000000e0000000,0x00000000e0000000,0x00000000e9d80000)
  from space 7680K, 96% used [0x00000000eea00000,0x00000000ef140060,0x00000000ef180000)
  to   space 18944K, 0% used [0x00000000ecc80000,0x00000000ecc80000,0x00000000edf00000)
 ParOldGen       total 98816K, used 44051K [0x00000000a0000000, 0x00000000a6080000, 0x00000000e0000000)
  object space 98816K, 44% used [0x00000000a0000000,0x00000000a2b04ca8,0x00000000a6080000)
 Metaspace       used 59600K, capacity 62112K, committed 62208K, reserved 1103872K
  class space    used 7908K, capacity 8437K, committed 8448K, reserved 1048576K
}
Event: 3820.840 GC heap before
{Heap before GC invocations=18 (full 3):
 PSYoungGen      total 168960K, used 168704K [0x00000000e0000000, 0x00000000ef180000, 0x0000000100000000)
  eden space 161280K, 100% used [0x00000000e0000000,0x00000000e9d80000,0x00000000e9d80000)
  from space 7680K, 96% used [0x00000000eea00000,0x00000000ef140060,0x00000000ef180000)
  to   space 18944K, 0% used [0x00000000ecc80000,0x00000000ecc80000,0x00000000edf00000)
 ParOldGen       total 98816K, used 44051K [0x00000000a0000000, 0x00000000a6080000, 0x00000000e0000000)
  object space 98816K, 44% used [0x00000000a0000000,0x00000000a2b04ca8,0x00000000a6080000)
 Metaspace       used 61177K, capacity 64016K, committed 64128K, reserved 1103872K
  class space    used 8136K, capacity 8743K, committed 8832K, reserved 1048576K
Event: 3820.864 GC heap after
Heap after GC invocations=18 (full 3):
 PSYoungGen      total 167424K, used 12229K [0x00000000e0000000, 0x00000000eea80000, 0x0000000100000000)
  eden space 155136K, 0% used [0x00000000e0000000,0x00000000e0000000,0x00000000e9780000)
  from space 12288K, 99% used [0x00000000ecc80000,0x00000000ed871668,0x00000000ed880000)
  to   space 18432K, 0% used [0x00000000ed880000,0x00000000ed880000,0x00000000eea80000)
 ParOldGen       total 98816K, used 44059K [0x00000000a0000000, 0x00000000a6080000, 0x00000000e0000000)
  object space 98816K, 44% used [0x00000000a0000000,0x00000000a2b06ca8,0x00000000a6080000)
 Metaspace       used 61177K, capacity 64016K, committed 64128K, reserved 1103872K
  class space    used 8136K, capacity 8743K, committed 8832K, reserved 1048576K
}
Event: 4235.549 GC heap before
{Heap before GC invocations=19 (full 3):
 PSYoungGen      total 167424K, used 167365K [0x00000000e0000000, 0x00000000eea80000, 0x0000000100000000)
  eden space 155136K, 100% used [0x00000000e0000000,0x00000000e9780000,0x00000000e9780000)
  from space 12288K, 99% used [0x00000000ecc80000,0x00000000ed871668,0x00000000ed880000)
  to   space 18432K, 0% used [0x00000000ed880000,0x00000000ed880000,0x00000000eea80000)
 ParOldGen       total 98816K, used 44059K [0x00000000a0000000, 0x00000000a6080000, 0x00000000e0000000)
  object space 98816K, 44% used [0x00000000a0000000,0x00000000a2b06ca8,0x00000000a6080000)
 Metaspace       used 62573K, capacity 65878K, committed 66048K, reserved 1105920K
  class space    used 8311K, capacity 8939K, committed 8960K, reserved 1048576K
Event: 4235.571 GC heap after
Heap after GC invocations=19 (full 3):
 PSYoungGen      total 158720K, used 9016K [0x00000000e0000000, 0x00000000ee180000, 0x0000000100000000)
  eden space 149504K, 0% used [0x00000000e0000000,0x00000000e0000000,0x00000000e9200000)
  from space 9216K, 97% used [0x00000000ed880000,0x00000000ee14e358,0x00000000ee180000)
  to   space 17920K, 0% used [0x00000000ebe80000,0x00000000ebe80000,0x00000000ed000000)
 ParOldGen       total 98816K, used 44067K [0x00000000a0000000, 0x00000000a6080000, 0x00000000e0000000)
  object space 98816K, 44% used [0x00000000a0000000,0x00000000a2b08ca8,0x00000000a6080000)
 Metaspace       used 62573K, capacity 65878K, committed 66048K, reserved 1105920K
  class space    used 8311K, capacity 8939K, committed 8960K, reserved 1048576K
}
Event: 4243.972 GC heap before
{Heap before GC invocations=20 (full 3):
 PSYoungGen      total 158720K, used 158520K [0x00000000e0000000, 0x00000000ee180000, 0x0000000100000000)
  eden space 149504K, 100% used [0x00000000e0000000,0x00000000e9200000,0x00000000e9200000)
  from space 9216K, 97% used [0x00000000ed880000,0x00000000ee14e358,0x00000000ee180000)
  to   space 17920K, 0% used [0x00000000ebe80000,0x00000000ebe80000,0x00000000ed000000)
 ParOldGen       total 98816K, used 44067K [0x00000000a0000000, 0x00000000a6080000, 0x00000000e0000000)
  object space 98816K, 44% used [0x00000000a0000000,0x00000000a2b08ca8,0x00000000a6080000)
 Metaspace       used 72423K, capacity 75898K, committed 76032K, reserved 1116160K
  class space    used 9474K, capacity 10133K, committed 10240K, reserved 1048576K
Event: 4244.020 GC heap after
Heap after GC invocations=20 (full 3):
 PSYoungGen      total 161792K, used 17888K [0x00000000e0000000, 0x00000000ed900000, 0x0000000100000000)
  eden space 143872K, 0% used [0x00000000e0000000,0x00000000e0000000,0x00000000e8c80000)
  from space 17920K, 99% used [0x00000000ebe80000,0x00000000ecff8248,0x00000000ed000000)
  to   space 9216K, 0% used [0x00000000ed000000,0x00000000ed000000,0x00000000ed900000)
 ParOldGen       total 98816K, used 55955K [0x00000000a0000000, 0x00000000a6080000, 0x00000000e0000000)
  object space 98816K, 56% used [0x00000000a0000000,0x00000000a36a4d50,0x00000000a6080000)
 Metaspace       used 72423K, capacity 75898K, committed 76032K, reserved 1116160K
  class space    used 9474K, capacity 10133K, committed 10240K, reserved 1048576K
}

Deoptimization events (10 events):
Event: 4242.472 Thread 0x000000001b587000 Uncommon trap: reason=class_check action=maybe_recompile pc=0x0000000005072814 method=com.google.common.collect.RegularImmutableMap.get(Ljava/lang/Object;)Ljava/lang/Object; @ 7
Event: 4242.541 Thread 0x000000001b587000 Uncommon trap: reason=null_assert action=make_not_entrant pc=0x000000000350b670 method=java.util.zip.ZipEntry.setExtra0([BZ)V @ 269
Event: 4242.541 Thread 0x000000001b587000 Uncommon trap: reason=null_assert action=make_not_entrant pc=0x0000000003773580 method=java.util.zip.ZipEntry.<init>(Ljava/util/zip/ZipEntry;)V @ 70
Event: 4242.543 Thread 0x000000001b587000 Uncommon trap: reason=null_assert action=make_not_entrant pc=0x0000000003479a84 method=java.util.zip.ZipEntry.<init>(Ljava/util/zip/ZipEntry;)V @ 70
Event: 4243.079 Thread 0x000000001f1db000 Uncommon trap: reason=unstable_if action=reinterpret pc=0x00000000047ea6a4 method=java.lang.String.lastIndexOf([CII[CIII)I @ 135
Event: 4243.163 Thread 0x000000001f1dc000 Uncommon trap: reason=predicate action=maybe_recompile pc=0x0000000005355c10 method=java.util.TimSort.binarySort([Ljava/lang/Object;IIILjava/util/Comparator;)V @ 37
Event: 4243.172 Thread 0x000000001f1db000 Uncommon trap: reason=class_check action=maybe_recompile pc=0x000000000347417c method=java.util.concurrent.locks.ReentrantLock.lock()V @ 4
Event: 4243.173 Thread 0x000000001f1d7800 Uncommon trap: reason=class_check action=maybe_recompile pc=0x000000000347417c method=java.util.concurrent.locks.ReentrantLock.lock()V @ 4
Event: 4243.230 Thread 0x000000001f1d9000 Uncommon trap: reason=class_check action=maybe_recompile pc=0x000000000397c560 method=java.util.concurrent.ConcurrentHashMap.putVal(Ljava/lang/Object;Ljava/lang/Object;Z)Ljava/lang/Object; @ 192
Event: 4244.046 Thread 0x000000001f1de000 Uncommon trap: reason=bimorphic action=maybe_recompile pc=0x0000000003d63ad0 method=java.lang.ThreadLocal.setInitialValue()Ljava/lang/Object; @ 31

Internal exceptions (10 events):
Event: 4235.042 Thread 0x000000001b587000 Exception <a 'java/lang/ClassNotFoundException': com/android/build/gradle/tasks/CheckManifestInInstantRunModeCustomizer> (0x00000000e86a7f30) thrown at [C:\src\android\AOSP-openjdk\external\jetbrains\jdk\hotspot\src\share\vm\classfile\systemDictionary.cpp,CÆ®ã∞@
Event: 4235.043 Thread 0x000000001b587000 Exception <a 'java/lang/ClassNotFoundException': com/android/build/gradle/tasks/CheckManifestInInstantRunMode_DecoratedCustomizer> (0x00000000e86d3e78) thrown at [C:\src\android\AOSP-openjdk\external\jetbrains\jdk\hotspot\src\share\vm\classfile\systemDictiˇòº
Event: 4235.066 Thread 0x000000001b587000 Exception <a 'java/lang/ClassNotFoundException': com/android/build/gradle/tasks/fd/GenerateInstantRunAppInfoTask_DecoratedBeanInfo> (0x00000000e8803138) thrown at [C:\src\android\AOSP-openjdk\external\jetbrains\jdk\hotspot\src\share\vm\classfile\systemDict»ÚÅã∞@
Event: 4235.067 Thread 0x000000001b587000 Exception <a 'java/lang/ClassNotFoundException': com/android/build/gradle/tasks/fd/GenerateInstantRunAppInfoTaskBeanInfo> (0x00000000e8818cd0) thrown at [C:\src\android\AOSP-openjdk\external\jetbrains\jdk\hotspot\src\share\vm\classfile\systemDictionary.cpp¬Âã∞@
Event: 4235.068 Thread 0x000000001b587000 Exception <a 'java/lang/ClassNotFoundException': com/android/build/gradle/tasks/fd/GenerateInstantRunAppInfoTaskCustomizer> (0x00000000e882ece8) thrown at [C:\src\android\AOSP-openjdk\external\jetbrains\jdk\hotspot\src\share\vm\classfile\systemDictionary.cöÚ-πã∞@
Event: 4235.069 Thread 0x000000001b587000 Exception <a 'java/lang/ClassNotFoundException': com/android/build/gradle/tasks/fd/GenerateInstantRunAppInfoTask_DecoratedCustomizer> (0x00000000e885ad28) thrown at [C:\src\android\AOSP-openjdk\external\jetbrains\jdk\hotspot\src\share\vm\classfile\systemDiIã¥ÌZã∞@
Event: 4235.355 Thread 0x000000001b587000 Implicit null exception at 0x000000000477217a to 0x0000000004773605
Event: 4235.358 Thread 0x000000001b587000 Implicit null exception at 0x0000000003d05282 to 0x0000000003d07295
Event: 4236.061 Thread 0x000000001b587000 Exception <a 'java/lang/NoSuchMethodError': java.lang.Object.lambda$negate$1(Ljava/lang/Object;)Z> (0x00000000e0d77c08) thrown at [C:\src\android\AOSP-openjdk\external\jetbrains\jdk\hotspot\src\share\vm\interpreter\linkResolver.cpp, line 582]
Event: 4242.264 Thread 0x000000001b585000 Exception <a 'java/lang/NoSuchMethodError': <clinit>> (0x00000000e5797818) thrown at [C:\src\android\AOSP-openjdk\external\jetbrains\jdk\hotspot\src\share\vm\prims\jni.cpp, line 1613]

Events (10 events):
Event: 4244.058 Thread 0x000000001f1d8000 Thread exited: 0x000000001f1d8000
Event: 4244.059 loading class com/android/dx/util/ListIntSet$1
Event: 4244.059 loading class com/android/dx/util/ListIntSet$1 done
Event: 4244.060 Thread 0x000000001f1d7800 DEOPT PACKING pc=0x000000000498a793 sp=0x00000000238be880
Event: 4244.060 Thread 0x000000001f1d7800 DEOPT UNPACKING pc=0x00000000032771bf sp=0x00000000238be578 mode 0
Event: 4244.068 Thread 0x000000001f1e6800 DEOPT PACKING pc=0x0000000004cea591 sp=0x00000000237beab0
Event: 4244.068 Thread 0x000000001f1e6800 DEOPT UNPACKING pc=0x00000000032771bf sp=0x00000000237be7d8 mode 0
Event: 4244.070 Executing VM operation: RevokeBias
Event: 4244.070 Executing VM operation: RevokeBias done
Event: 4244.073 Thread 0x000000001f1d7800 Thread exited: 0x000000001f1d7800


Dynamic libraries:
0x00007ff64d8a0000 - 0x00007ff64d8d1000 	C:\Program Files\Android\Android Studio\jre\bin\java.exe
0x00007ffab0f10000 - 0x00007ffab10eb000 	C:\Windows\SYSTEM32\ntdll.dll
0x00007ffab08d0000 - 0x00007ffab097e000 	C:\Windows\System32\KERNEL32.DLL
0x00007ffaadf40000 - 0x00007ffaae189000 	C:\Windows\System32\KERNELBASE.dll
0x00007ffaae870000 - 0x00007ffaae911000 	C:\Windows\System32\ADVAPI32.dll
0x00007ffaae470000 - 0x00007ffaae50d000 	C:\Windows\System32\msvcrt.dll
0x00007ffaaf160000 - 0x00007ffaaf1b9000 	C:\Windows\System32\sechost.dll
0x00007ffaaee20000 - 0x00007ffaaef45000 	C:\Windows\System32\RPCRT4.dll
0x00007ffab0dc0000 - 0x00007ffab0f0a000 	C:\Windows\System32\USER32.dll
0x00007ffaaddc0000 - 0x00007ffaaddde000 	C:\Windows\System32\win32u.dll
0x00007ffab07e0000 - 0x00007ffab0807000 	C:\Windows\System32\GDI32.dll
0x00007ffaadc30000 - 0x00007ffaaddb8000 	C:\Windows\System32\gdi32full.dll
0x00007ffaadea0000 - 0x00007ffaadf3a000 	C:\Windows\System32\msvcp_win.dll
0x00007ffaad430000 - 0x00007ffaad526000 	C:\Windows\System32\ucrtbase.dll
0x00007ffaa1aa0000 - 0x00007ffaa1d07000 	C:\Windows\WinSxS\amd64_microsoft.windows.common-controls_6595b64144ccf1df_6.0.15063.483_none_26002d27e7c744a2\COMCTL32.dll
0x00007ffaae570000 - 0x00007ffaae869000 	C:\Windows\System32\combase.dll
0x00007ffaadde0000 - 0x00007ffaade4a000 	C:\Windows\System32\bcryptPrimitives.dll
0x00007ffaaec80000 - 0x00007ffaaecad000 	C:\Windows\System32\IMM32.DLL
0x00000000609a0000 - 0x0000000060a72000 	C:\Program Files\Android\Android Studio\jre\jre\bin\msvcr100.dll
0x0000000060a80000 - 0x00000000612bc000 	C:\Program Files\Android\Android Studio\jre\jre\bin\server\jvm.dll
0x00007ffab07d0000 - 0x00007ffab07d8000 	C:\Windows\System32\PSAPI.DLL
0x00007ffaab960000 - 0x00007ffaab983000 	C:\Windows\SYSTEM32\WINMM.dll
0x00007ffa9f720000 - 0x00007ffa9f729000 	C:\Windows\SYSTEM32\WSOCK32.dll
0x00007ffaa4070000 - 0x00007ffaa407a000 	C:\Windows\SYSTEM32\VERSION.dll
0x00007ffaab900000 - 0x00007ffaab92b000 	C:\Windows\SYSTEM32\WINMMBASE.dll
0x00007ffab0760000 - 0x00007ffab07cc000 	C:\Windows\System32\WS2_32.dll
0x00007ffaade50000 - 0x00007ffaade99000 	C:\Windows\System32\cfgmgr32.dll
0x00007ffaa7ff0000 - 0x00007ffaa7fff000 	C:\Program Files\Android\Android Studio\jre\jre\bin\verify.dll
0x00007ffa97390000 - 0x00007ffa973b9000 	C:\Program Files\Android\Android Studio\jre\jre\bin\java.dll
0x00007ffaa4be0000 - 0x00007ffaa4bf6000 	C:\Program Files\Android\Android Studio\jre\jre\bin\zip.dll
0x00007ffaaf1c0000 - 0x00007ffab05f7000 	C:\Windows\System32\SHELL32.dll
0x00007ffaae920000 - 0x00007ffaae9ca000 	C:\Windows\System32\shcore.dll
0x00007ffaad530000 - 0x00007ffaadc23000 	C:\Windows\System32\windows.storage.dll
0x00007ffab0810000 - 0x00007ffab0861000 	C:\Windows\System32\shlwapi.dll
0x00007ffaad3a0000 - 0x00007ffaad3b1000 	C:\Windows\System32\kernel.appcore.dll
0x00007ffaad3c0000 - 0x00007ffaad40c000 	C:\Windows\System32\powrprof.dll
0x00007ffaad380000 - 0x00007ffaad395000 	C:\Windows\System32\profapi.dll
0x00007ffaa3ad0000 - 0x00007ffaa3aea000 	C:\Program Files\Android\Android Studio\jre\jre\bin\net.dll
0x00007ffaacc30000 - 0x00007ffaacc8c000 	C:\Windows\system32\mswsock.dll
0x00007ffa9abf0000 - 0x00007ffa9ac01000 	C:\Program Files\Android\Android Studio\jre\jre\bin\nio.dll
0x00007ffa96ca0000 - 0x00007ffa96cbe000 	C:\Users\napon\.gradle\native\23\windows-amd64\native-platform.dll
0x00007ffaacde0000 - 0x00007ffaacdf7000 	C:\Windows\SYSTEM32\CRYPTSP.dll
0x00007ffaac850000 - 0x00007ffaac884000 	C:\Windows\system32\rsaenh.dll
0x00007ffaad250000 - 0x00007ffaad275000 	C:\Windows\SYSTEM32\bcrypt.dll
0x00007ffaad2b0000 - 0x00007ffaad2d9000 	C:\Windows\SYSTEM32\USERENV.dll
0x00007ffaacdd0000 - 0x00007ffaacddb000 	C:\Windows\SYSTEM32\CRYPTBASE.dll
0x00007ffaac9d0000 - 0x00007ffaaca07000 	C:\Windows\SYSTEM32\IPHLPAPI.DLL
0x00007ffab0750000 - 0x00007ffab0758000 	C:\Windows\System32\NSI.dll
0x00007ffaa96c0000 - 0x00007ffaa96d6000 	C:\Windows\SYSTEM32\dhcpcsvc6.DLL
0x00007ffaa96a0000 - 0x00007ffaa96ba000 	C:\Windows\SYSTEM32\dhcpcsvc.DLL
0x00007ffaa6b10000 - 0x00007ffaa6b1d000 	C:\Program Files\Android\Android Studio\jre\jre\bin\management.dll
0x00007ffa9f530000 - 0x00007ffa9f6d9000 	C:\Windows\SYSTEM32\dbghelp.dll

VM Arguments:
jvm_args: -Xmx1536m -Dfile.encoding=x-windows-874 -Duser.country=US -Duser.language=en -Duser.variant 
java_command: org.gradle.launcher.daemon.bootstrap.GradleDaemon 3.3
java_class_path (initial): C:\Users\napon\.gradle\wrapper\dists\gradle-3.3-all\55gk2rcmfc6p2dg9u9ohc3hw9\gradle-3.3\lib\gradle-launcher-3.3.jar
Launcher Type: SUN_STANDARD

Environment Variables:
JAVA_HOME=C:\Program Files (x86)\Java\jre1.8.0_144
PATH=C:\ProgramData\Oracle\Java\javapath;C:\Windows\system32;C:\Windows;C:\Windows\System32\Wbem;C:\Windows\System32\WindowsPowerShell\v1.0\;C:\Program Files\Git\cmd;C:\Ruby24-x64\bin;C:\Users\napon\AppData\Local\Microsoft\WindowsApps
USERNAME=napkk
OS=Windows_NT
PROCESSOR_IDENTIFIER=AMD64 Family 16 Model 5 Stepping 3, AuthenticAMD



---------------  S Y S T E M  ---------------

OS: Windows 10.0 , 64 bit Build 15063 (10.0.15063.296)

CPU:total 3 (3 cores per cpu, 1 threads per core) family 16 model 5 stepping 3, cmov, cx8, fxsr, mmx, sse, sse2, sse3, popcnt, mmxext, 3dnowpref, lzcnt, sse4a, tsc, tscinvbit, tscinv

Memory: 4k page, physical 4191796k(1355428k free), swap 5701224k(1741112k free)

vm_info: OpenJDK 64-Bit Server VM (25.112-b06) for windows-amd64 JRE (1.8.0_112-release-b06), built on Dec  8 2016 00:54:26 by "builder" with MS VC++ 10.0 (VS2010)

time: Wed Aug 30 23:08:37 2017
elapsed time: 4244 seconds (0d 1h 10m 44s)

