#
# A fatal error has been detected by the Java Runtime Environment:
#
#  EXCEPTION_ACCESS_VIOLATION (0xc0000005) at pc=0x000000000317f278, pid=10532, tid=0x0000000000001a38
#
# JRE version: OpenJDK Runtime Environment (8.0_112-b06) (build 1.8.0_112-release-b06)
# Java VM: OpenJDK 64-Bit Server VM (25.112-b06 mixed mode windows-amd64 compressed oops)
# Problematic frame:
# J 4911 C1 com.sun.org.apache.xerces.internal.impl.dv.xs.XSSimpleTypeDecl.getPrimitiveKind()S (62 bytes) @ 0x000000000317f278 [0x000000000317f140+0x138]
#
# Failed to write core dump. Minidumps are not enabled by default on client versions of Windows
#
# If you would like to submit a bug report, please visit:
#   http://bugreport.java.com/bugreport/crash.jsp
#

---------------  T H R E A D  ---------------

Current thread (0x00000000190f8000):  JavaThread "Daemon worker" [_thread_in_Java, id=6712, stack(0x000000001abf0000,0x000000001acf0000)]

siginfo: ExceptionCode=0xc0000005, reading address 0xffffffffffffffff

Registers:
RAX=0x000000001eb6eac0, RBX=0x0000000000000002, RCX=0x00000000e9012120, RDX=0x00000000e9012120
RSP=0x000000001aceb990, RBP=0x000000001aceba20, RSI=0x0000000000000001, RDI=0x0010000000000178
R8 =0x0000000000000001, R9 =0x0000000000000000, R10=0x00000000524185e0, R11=0x000000000317f160
R12=0x0000000000000000, R13=0x000000001aceb9d8, R14=0x00000001005ac058, R15=0x00000000190f8000
RIP=0x000000000317f278, EFLAGS=0x0000000000010297

Top of Stack: (sp=0x000000001aceb990)
0x000000001aceb990:   00000000e5004d40 0000000000000000
0x000000001aceb9a0:   000000001aceba20 00000000e9012120
0x000000001aceb9b0:   000000001aceba20 0000000002e1809d
0x000000001aceb9c0:   000000001aceba20 0000000002e17a55
0x000000001aceb9d0:   0000000002e17a55 00000000e9012120
0x000000001aceb9e0:   000000001aceb9e0 000000001eaad686
0x000000001aceb9f0:   000000001aceba88 000000001eab1028
0x000000001aceba00:   000000001eb250c8 000000001eaad958
0x000000001aceba10:   000000001aceb9d8 000000001aceba90
0x000000001aceba20:   000000001acec570 0000000003e4421c
0x000000001aceba30:   0000000000000000 00000000e5011a98
0x000000001aceba40:   00000000e50169e0 00000000e9012120
0x000000001aceba50:   00000000e50169e0 00000000e5016b30
0x000000001aceba60:   00000000e8ffe3e0 00000000e8ffe400
0x000000001aceba70:   0000000000000001 00000000e5011a98
0x000000001aceba80:   00000000e5011a58 00000000e5004b40 

Instructions: (pc=0x000000000317f278)
0x000000000317f258:   b6 1e 00 00 00 00 48 bf 68 01 00 00 00 00 00 00
0x000000000317f268:   0f 84 0a 00 00 00 48 bf 78 01 00 00 00 00 10 00
0x000000000317f278:   48 8b 1c 38 48 8d 5b 01 48 89 1c 38 0f 84 98 00
0x000000000317f288:   00 00 83 fe 17 48 b8 c0 ea b6 1e 00 00 00 00 48 


Register to memory mapping:

RAX=0x000000001eb6eac0 is pointing into metadata
RBX=0x0000000000000002 is an unknown value
RCX=0x00000000e9012120 is an oop
com.sun.org.apache.xerces.internal.impl.dv.xs.XSSimpleTypeDecl 
 - klass: 'com/sun/org/apache/xerces/internal/impl/dv/xs/XSSimpleTypeDecl'
RDX=0x00000000e9012120 is an oop
com.sun.org.apache.xerces.internal.impl.dv.xs.XSSimpleTypeDecl 
 - klass: 'com/sun/org/apache/xerces/internal/impl/dv/xs/XSSimpleTypeDecl'
RSP=0x000000001aceb990 is pointing into the stack for thread: 0x00000000190f8000
RBP=0x000000001aceba20 is pointing into the stack for thread: 0x00000000190f8000
RSI=0x0000000000000001 is an unknown value
RDI=0x0010000000000178 is an unknown value
R8 =0x0000000000000001 is an unknown value
R9 =0x0000000000000000 is an unknown value
R10=0x00000000524185e0 is an unknown value
R11=0x000000000317f160 is at entry_point+32 in (nmethod*)0x000000000317efd0
R12=0x0000000000000000 is an unknown value
R13=0x000000001aceb9d8 is pointing into the stack for thread: 0x00000000190f8000
R14=0x00000001005ac058 is pointing into metadata
R15=0x00000000190f8000 is a thread


Stack: [0x000000001abf0000,0x000000001acf0000],  sp=0x000000001aceb990,  free space=1006k
Native frames: (J=compiled Java code, j=interpreted, Vv=VM code, C=native code)
C  0x000000000317f278


---------------  P R O C E S S  ---------------

Java Threads: ( => current thread )
  0x0000000019ba9000 JavaThread "File lock request listener" [_thread_in_native, id=6720, stack(0x000000001c0c0000,0x000000001c1c0000)]
  0x00000000190dd800 JavaThread "Stdin handler" [_thread_blocked, id=7476, stack(0x000000001adf0000,0x000000001aef0000)]
  0x00000000190d0800 JavaThread "Asynchronous log dispatcher for DefaultDaemonConnection: socket connection from /127.0.0.1:49850 to /127.0.0.1:49851" [_thread_blocked, id=7060, stack(0x000000001acf0000,0x000000001adf0000)]
=>0x00000000190f8000 JavaThread "Daemon worker" [_thread_in_Java, id=6712, stack(0x000000001abf0000,0x000000001acf0000)]
  0x00000000190f7000 JavaThread "Cancel handler" [_thread_blocked, id=7140, stack(0x000000001aaf0000,0x000000001abf0000)]
  0x0000000019078800 JavaThread "pool-1-thread-1" [_thread_blocked, id=7124, stack(0x000000001a9f0000,0x000000001aaf0000)]
  0x0000000019061000 JavaThread "Handler for socket connection from /127.0.0.1:49850 to /127.0.0.1:49851" [_thread_in_native, id=5644, stack(0x000000001a8f0000,0x000000001a9f0000)]
  0x0000000019291000 JavaThread "Daemon" [_thread_blocked, id=9460, stack(0x000000001a7f0000,0x000000001a8f0000)]
  0x0000000018dbd800 JavaThread "Incoming local TCP Connector on port 49850" [_thread_in_native, id=9452, stack(0x000000001a0f0000,0x000000001a1f0000)]
  0x0000000017e1b000 JavaThread "Service Thread" daemon [_thread_blocked, id=11092, stack(0x00000000181e0000,0x00000000182e0000)]
  0x00000000166c7800 JavaThread "C1 CompilerThread1" daemon [_thread_blocked, id=9440, stack(0x0000000017ce0000,0x0000000017de0000)]
  0x00000000166c4000 JavaThread "C2 CompilerThread0" daemon [_thread_blocked, id=2876, stack(0x0000000017be0000,0x0000000017ce0000)]
  0x00000000166c2800 JavaThread "Attach Listener" daemon [_thread_blocked, id=10092, stack(0x0000000017ae0000,0x0000000017be0000)]
  0x0000000016674800 JavaThread "Signal Dispatcher" daemon [_thread_blocked, id=3660, stack(0x00000000179e0000,0x0000000017ae0000)]
  0x0000000016667800 JavaThread "Finalizer" daemon [_thread_blocked, id=8992, stack(0x00000000175c0000,0x00000000176c0000)]
  0x0000000002dfe000 JavaThread "Reference Handler" daemon [_thread_blocked, id=9020, stack(0x00000000174c0000,0x00000000175c0000)]
  0x0000000002d10800 JavaThread "main" [_thread_blocked, id=6048, stack(0x0000000002c10000,0x0000000002d10000)]

Other Threads:
  0x0000000016644000 VMThread [stack: 0x00000000173c0000,0x00000000174c0000] [id=9520]
  0x0000000017e1f800 WatcherThread [stack: 0x00000000182e0000,0x00000000183e0000] [id=10460]

VM state:not at safepoint (normal execution)

VM Mutex/Monitor currently owned by a thread: None

Heap:
 PSYoungGen      total 143360K, used 93631K [0x00000000e0000000, 0x00000000e9a00000, 0x0000000100000000)
  eden space 131584K, 63% used [0x00000000e0000000,0x00000000e5105678,0x00000000e8080000)
  from space 11776K, 90% used [0x00000000e8d00000,0x00000000e976a6b8,0x00000000e9880000)
  to   space 12800K, 0% used [0x00000000e8080000,0x00000000e8080000,0x00000000e8d00000)
 ParOldGen       total 53760K, used 17245K [0x00000000a0000000, 0x00000000a3480000, 0x00000000e0000000)
  object space 53760K, 32% used [0x00000000a0000000,0x00000000a10d7538,0x00000000a3480000)
 Metaspace       used 43357K, capacity 44298K, committed 44544K, reserved 1087488K
  class space    used 5797K, capacity 6055K, committed 6144K, reserved 1048576K

Card table byte_map: [0x00000000121d0000,0x00000000124e0000] byte_map_base: 0x0000000011cd0000

Marking Bits: (ParMarkBitMap*) 0x00000000524318f0
 Begin Bits: [0x00000000129e0000, 0x00000000141e0000)
 End Bits:   [0x00000000141e0000, 0x00000000159e0000)

Polling page: 0x00000000012d0000

CodeCache: size=245760Kb used=16959Kb max_used=17032Kb free=228800Kb
 bounds [0x0000000002e10000, 0x0000000003ec0000, 0x0000000011e10000]
 total_blobs=5374 nmethods=4647 adapters=640
 compilation: enabled

Compilation events (10 events):
Event: 25.109 Thread 0x00000000166c7800 4912       3       com.sun.org.apache.xerces.internal.impl.xs.XMLSchemaValidator::endElementPSVI (303 bytes)
Event: 25.110 Thread 0x00000000166c7800 nmethod 4912 0x0000000003260390 code [0x0000000003260540, 0x0000000003260c08]
Event: 25.110 Thread 0x00000000166c7800 4913   !   3       com.sun.org.apache.xerces.internal.jaxp.validation.ValidatorHandlerImpl::endElement (82 bytes)
Event: 25.110 Thread 0x00000000166c7800 nmethod 4913 0x000000000325f890 code [0x000000000325fa40, 0x000000000325fff8]
Event: 25.110 Thread 0x00000000166c7800 4914   !   3       com.sun.xml.internal.bind.v2.runtime.unmarshaller.UnmarshallingContext::endElement (91 bytes)
Event: 25.112 Thread 0x00000000166c7800 nmethod 4914 0x00000000034234d0 code [0x0000000003423820, 0x00000000034255c8]
Event: 25.112 Thread 0x00000000166c7800 4915       3       com.sun.xml.internal.bind.v2.runtime.unmarshaller.UnmarshallingContext$State::access$1300 (5 bytes)
Event: 25.112 Thread 0x00000000166c7800 nmethod 4915 0x00000000033bb890 code [0x00000000033bba00, 0x00000000033bbb68]
Event: 25.112 Thread 0x00000000166c7800 4916       3       com.sun.xml.internal.bind.v2.runtime.unmarshaller.UnmarshallingContext$State::pop (97 bytes)
Event: 25.113 Thread 0x00000000166c7800 nmethod 4916 0x00000000032c25d0 code [0x00000000032c27a0, 0x00000000032c3138]

GC Heap History (10 events):
Event: 11.702 GC heap before
{Heap before GC invocations=8 (full 1):
 PSYoungGen      total 72192K, used 64512K [0x00000000e0000000, 0x00000000e5100000, 0x0000000100000000)
  eden space 64512K, 100% used [0x00000000e0000000,0x00000000e3f00000,0x00000000e3f00000)
  from space 7680K, 0% used [0x00000000e4780000,0x00000000e4780000,0x00000000e4f00000)
  to   space 8704K, 0% used [0x00000000e3f00000,0x00000000e3f00000,0x00000000e4780000)
 ParOldGen       total 35840K, used 9179K [0x00000000a0000000, 0x00000000a2300000, 0x00000000e0000000)
  object space 35840K, 25% used [0x00000000a0000000,0x00000000a08f6ef8,0x00000000a2300000)
 Metaspace       used 26469K, capacity 26946K, committed 27136K, reserved 1073152K
  class space    used 3650K, capacity 3776K, committed 3840K, reserved 1048576K
Event: 11.718 GC heap after
Heap after GC invocations=8 (full 1):
 PSYoungGen      total 73216K, used 8046K [0x00000000e0000000, 0x00000000e7900000, 0x0000000100000000)
  eden space 64512K, 0% used [0x00000000e0000000,0x00000000e0000000,0x00000000e3f00000)
  from space 8704K, 92% used [0x00000000e3f00000,0x00000000e46db9a0,0x00000000e4780000)
  to   space 9728K, 0% used [0x00000000e6f80000,0x00000000e6f80000,0x00000000e7900000)
 ParOldGen       total 35840K, used 9179K [0x00000000a0000000, 0x00000000a2300000, 0x00000000e0000000)
  object space 35840K, 25% used [0x00000000a0000000,0x00000000a08f6ef8,0x00000000a2300000)
 Metaspace       used 26469K, capacity 26946K, committed 27136K, reserved 1073152K
  class space    used 3650K, capacity 3776K, committed 3840K, reserved 1048576K
}
Event: 13.809 GC heap before
{Heap before GC invocations=9 (full 1):
 PSYoungGen      total 73216K, used 72558K [0x00000000e0000000, 0x00000000e7900000, 0x0000000100000000)
  eden space 64512K, 100% used [0x00000000e0000000,0x00000000e3f00000,0x00000000e3f00000)
  from space 8704K, 92% used [0x00000000e3f00000,0x00000000e46db9a0,0x00000000e4780000)
  to   space 9728K, 0% used [0x00000000e6f80000,0x00000000e6f80000,0x00000000e7900000)
 ParOldGen       total 35840K, used 9179K [0x00000000a0000000, 0x00000000a2300000, 0x00000000e0000000)
  object space 35840K, 25% used [0x00000000a0000000,0x00000000a08f6ef8,0x00000000a2300000)
 Metaspace       used 29844K, capacity 30404K, committed 30720K, reserved 1075200K
  class space    used 4075K, capacity 4242K, committed 4352K, reserved 1048576K
Event: 13.822 GC heap after
Heap after GC invocations=9 (full 1):
 PSYoungGen      total 109056K, used 7071K [0x00000000e0000000, 0x00000000e7700000, 0x0000000100000000)
  eden space 101376K, 0% used [0x00000000e0000000,0x00000000e0000000,0x00000000e6300000)
  from space 7680K, 92% used [0x00000000e6f80000,0x00000000e7667c98,0x00000000e7700000)
  to   space 10240K, 0% used [0x00000000e6300000,0x00000000e6300000,0x00000000e6d00000)
 ParOldGen       total 35840K, used 9179K [0x00000000a0000000, 0x00000000a2300000, 0x00000000e0000000)
  object space 35840K, 25% used [0x00000000a0000000,0x00000000a08f6ef8,0x00000000a2300000)
 Metaspace       used 29844K, capacity 30404K, committed 30720K, reserved 1075200K
  class space    used 4075K, capacity 4242K, committed 4352K, reserved 1048576K
}
Event: 20.925 GC heap before
{Heap before GC invocations=10 (full 1):
 PSYoungGen      total 109056K, used 53766K [0x00000000e0000000, 0x00000000e7700000, 0x0000000100000000)
  eden space 101376K, 46% used [0x00000000e0000000,0x00000000e2d99d50,0x00000000e6300000)
  from space 7680K, 92% used [0x00000000e6f80000,0x00000000e7667c98,0x00000000e7700000)
  to   space 10240K, 0% used [0x00000000e6300000,0x00000000e6300000,0x00000000e6d00000)
 ParOldGen       total 35840K, used 9179K [0x00000000a0000000, 0x00000000a2300000, 0x00000000e0000000)
  object space 35840K, 25% used [0x00000000a0000000,0x00000000a08f6ef8,0x00000000a2300000)
 Metaspace       used 34521K, capacity 35264K, committed 35496K, reserved 1079296K
  class space    used 4660K, capacity 4845K, committed 4864K, reserved 1048576K
Event: 20.945 GC heap after
Heap after GC invocations=10 (full 1):
 PSYoungGen      total 111616K, used 10235K [0x00000000e0000000, 0x00000000e9880000, 0x0000000100000000)
  eden space 101376K, 0% used [0x00000000e0000000,0x00000000e0000000,0x00000000e6300000)
  from space 10240K, 99% used [0x00000000e6300000,0x00000000e6cfeec0,0x00000000e6d00000)
  to   space 11776K, 0% used [0x00000000e8d00000,0x00000000e8d00000,0x00000000e9880000)
 ParOldGen       total 35840K, used 9856K [0x00000000a0000000, 0x00000000a2300000, 0x00000000e0000000)
  object space 35840K, 27% used [0x00000000a0000000,0x00000000a09a0128,0x00000000a2300000)
 Metaspace       used 34521K, capacity 35264K, committed 35496K, reserved 1079296K
  class space    used 4660K, capacity 4845K, committed 4864K, reserved 1048576K
}
Event: 20.945 GC heap before
{Heap before GC invocations=11 (full 2):
 PSYoungGen      total 111616K, used 10235K [0x00000000e0000000, 0x00000000e9880000, 0x0000000100000000)
  eden space 101376K, 0% used [0x00000000e0000000,0x00000000e0000000,0x00000000e6300000)
  from space 10240K, 99% used [0x00000000e6300000,0x00000000e6cfeec0,0x00000000e6d00000)
  to   space 11776K, 0% used [0x00000000e8d00000,0x00000000e8d00000,0x00000000e9880000)
 ParOldGen       total 35840K, used 9856K [0x00000000a0000000, 0x00000000a2300000, 0x00000000e0000000)
  object space 35840K, 27% used [0x00000000a0000000,0x00000000a09a0128,0x00000000a2300000)
 Metaspace       used 34521K, capacity 35264K, committed 35496K, reserved 1079296K
  class space    used 4660K, capacity 4845K, committed 4864K, reserved 1048576K
Event: 21.065 GC heap after
Heap after GC invocations=11 (full 2):
 PSYoungGen      total 111616K, used 0K [0x00000000e0000000, 0x00000000e9880000, 0x0000000100000000)
  eden space 101376K, 0% used [0x00000000e0000000,0x00000000e0000000,0x00000000e6300000)
  from space 10240K, 0% used [0x00000000e6300000,0x00000000e6300000,0x00000000e6d00000)
  to   space 11776K, 0% used [0x00000000e8d00000,0x00000000e8d00000,0x00000000e9880000)
 ParOldGen       total 53760K, used 17237K [0x00000000a0000000, 0x00000000a3480000, 0x00000000e0000000)
  object space 53760K, 32% used [0x00000000a0000000,0x00000000a10d5538,0x00000000a3480000)
 Metaspace       used 34521K, capacity 35264K, committed 35496K, reserved 1079296K
  class space    used 4660K, capacity 4845K, committed 4864K, reserved 1048576K
}
Event: 24.080 GC heap before
{Heap before GC invocations=12 (full 2):
 PSYoungGen      total 111616K, used 101376K [0x00000000e0000000, 0x00000000e9880000, 0x0000000100000000)
  eden space 101376K, 100% used [0x00000000e0000000,0x00000000e6300000,0x00000000e6300000)
  from space 10240K, 0% used [0x00000000e6300000,0x00000000e6300000,0x00000000e6d00000)
  to   space 11776K, 0% used [0x00000000e8d00000,0x00000000e8d00000,0x00000000e9880000)
 ParOldGen       total 53760K, used 17237K [0x00000000a0000000, 0x00000000a3480000, 0x00000000e0000000)
  object space 53760K, 32% used [0x00000000a0000000,0x00000000a10d5538,0x00000000a3480000)
 Metaspace       used 42713K, capacity 43620K, committed 43904K, reserved 1087488K
  class space    used 5761K, capacity 5996K, committed 6016K, reserved 1048576K
Event: 24.101 GC heap after
Heap after GC invocations=12 (full 2):
 PSYoungGen      total 143360K, used 10665K [0x00000000e0000000, 0x00000000e9a00000, 0x0000000100000000)
  eden space 131584K, 0% used [0x00000000e0000000,0x00000000e0000000,0x00000000e8080000)
  from space 11776K, 90% used [0x00000000e8d00000,0x00000000e976a6b8,0x00000000e9880000)
  to   space 12800K, 0% used [0x00000000e8080000,0x00000000e8080000,0x00000000e8d00000)
 ParOldGen       total 53760K, used 17245K [0x00000000a0000000, 0x00000000a3480000, 0x00000000e0000000)
  object space 53760K, 32% used [0x00000000a0000000,0x00000000a10d7538,0x00000000a3480000)
 Metaspace       used 42713K, capacity 43620K, committed 43904K, reserved 1087488K
  class space    used 5761K, capacity 5996K, committed 6016K, reserved 1048576K
}

Deoptimization events (10 events):
Event: 23.099 Thread 0x00000000190f8000 Uncommon trap: reason=class_check action=maybe_recompile pc=0x0000000003542e0c method=java.io.DataInputStream.readUnsignedShort()I @ 4
Event: 23.626 Thread 0x00000000190f8000 Uncommon trap: reason=bimorphic action=maybe_recompile pc=0x00000000039414f0 method=com.sun.org.apache.xerces.internal.impl.XMLEntityManager$RewindableInputStream.read([BII)I @ 89
Event: 23.634 Thread 0x00000000190f8000 Uncommon trap: reason=bimorphic action=maybe_recompile pc=0x00000000039414f0 method=com.sun.org.apache.xerces.internal.impl.XMLEntityManager$RewindableInputStream.read([BII)I @ 89
Event: 23.634 Thread 0x00000000190f8000 Uncommon trap: reason=unstable_if action=reinterpret pc=0x00000000038e675c method=com.sun.org.apache.xerces.internal.utils.XMLLimitAnalyzer.addValue(ILjava/lang/String;I)V @ 68
Event: 23.634 Thread 0x00000000190f8000 Uncommon trap: reason=unstable_if action=reinterpret pc=0x000000000387bf90 method=com.sun.org.apache.xerces.internal.utils.XMLSecurityManager.isOverLimit(ILcom/sun/org/apache/xerces/internal/utils/XMLLimitAnalyzer;)Z @ 38
Event: 23.642 Thread 0x00000000190f8000 Uncommon trap: reason=bimorphic action=maybe_recompile pc=0x00000000039414f0 method=com.sun.org.apache.xerces.internal.impl.XMLEntityManager$RewindableInputStream.read([BII)I @ 89
Event: 23.746 Thread 0x00000000190f8000 Uncommon trap: reason=bimorphic action=maybe_recompile pc=0x00000000039414f0 method=com.sun.org.apache.xerces.internal.impl.XMLEntityManager$RewindableInputStream.read([BII)I @ 89
Event: 24.018 Thread 0x00000000190f8000 Uncommon trap: reason=unstable_if action=reinterpret pc=0x00000000038ec6c0 method=java.lang.CharacterDataLatin1.digit(II)I @ 31
Event: 24.061 Thread 0x00000000190f8000 Uncommon trap: reason=unstable_if action=reinterpret pc=0x0000000003bd9c68 method=java.lang.CharacterDataLatin1.digit(II)I @ 31
Event: 24.103 Thread 0x00000000190f8000 Uncommon trap: reason=unstable_if action=reinterpret pc=0x0000000003793428 method=java.lang.CharacterDataLatin1.digit(II)I @ 31

Internal exceptions (10 events):
Event: 24.934 Thread 0x00000000190f8000 Exception <a 'sun/nio/fs/WindowsException'> (0x00000000e4073120) thrown at [C:\src\android\AOSP-openjdk\external\jetbrains\jdk\hotspot\src\share\vm\prims\jni.cpp, line 709]
Event: 24.934 Thread 0x00000000190f8000 Exception <a 'sun/nio/fs/WindowsException'> (0x00000000e4073e18) thrown at [C:\src\android\AOSP-openjdk\external\jetbrains\jdk\hotspot\src\share\vm\prims\jni.cpp, line 709]
Event: 24.937 Thread 0x00000000190f8000 Exception <a 'sun/nio/fs/WindowsException'> (0x00000000e4077748) thrown at [C:\src\android\AOSP-openjdk\external\jetbrains\jdk\hotspot\src\share\vm\prims\jni.cpp, line 709]
Event: 24.937 Thread 0x00000000190f8000 Exception <a 'sun/nio/fs/WindowsException'> (0x00000000e4078328) thrown at [C:\src\android\AOSP-openjdk\external\jetbrains\jdk\hotspot\src\share\vm\prims\jni.cpp, line 709]
Event: 24.938 Thread 0x00000000190f8000 Exception <a 'sun/nio/fs/WindowsException'> (0x00000000e4079f40) thrown at [C:\src\android\AOSP-openjdk\external\jetbrains\jdk\hotspot\src\share\vm\prims\jni.cpp, line 709]
Event: 24.958 Thread 0x00000000190f8000 Exception <a 'sun/nio/fs/WindowsException'> (0x00000000e407ab60) thrown at [C:\src\android\AOSP-openjdk\external\jetbrains\jdk\hotspot\src\share\vm\prims\jni.cpp, line 709]
Event: 24.958 Thread 0x00000000190f8000 Exception <a 'sun/nio/fs/WindowsException'> (0x00000000e407d900) thrown at [C:\src\android\AOSP-openjdk\external\jetbrains\jdk\hotspot\src\share\vm\prims\jni.cpp, line 709]
Event: 24.958 Thread 0x00000000190f8000 Exception <a 'sun/nio/fs/WindowsException'> (0x00000000e407e558) thrown at [C:\src\android\AOSP-openjdk\external\jetbrains\jdk\hotspot\src\share\vm\prims\jni.cpp, line 709]
Event: 24.958 Thread 0x00000000190f8000 Exception <a 'sun/nio/fs/WindowsException'> (0x00000000e40801e8) thrown at [C:\src\android\AOSP-openjdk\external\jetbrains\jdk\hotspot\src\share\vm\prims\jni.cpp, line 709]
Event: 24.958 Thread 0x00000000190f8000 Exception <a 'sun/nio/fs/WindowsException'> (0x00000000e4080e80) thrown at [C:\src\android\AOSP-openjdk\external\jetbrains\jdk\hotspot\src\share\vm\prims\jni.cpp, line 709]

Events (10 events):
Event: 24.983 Thread 0x00000000166c7800 flushing nmethod 0x00000000033bb890
Event: 24.983 Thread 0x00000000166c7800 flushing nmethod 0x00000000033bc190
Event: 24.983 Thread 0x00000000166c7800 flushing nmethod 0x00000000033c2c50
Event: 24.983 Thread 0x00000000166c7800 flushing nmethod 0x000000000340cf10
Event: 24.983 Thread 0x00000000166c7800 flushing nmethod 0x0000000003422c10
Event: 24.983 Thread 0x00000000166c7800 flushing nmethod 0x000000000353e350
Event: 24.983 Thread 0x00000000166c7800 flushing nmethod 0x000000000354f690
Event: 24.985 Thread 0x00000000166c7800 flushing nmethod 0x00000000035a6350
Event: 24.985 Thread 0x00000000166c7800 flushing nmethod 0x00000000035cffd0
Event: 24.985 Thread 0x00000000166c7800 flushing nmethod 0x000000000362e1d0


Dynamic libraries:
0x00007ff730770000 - 0x00007ff7307a1000 	C:\Program Files\Android\Android Studio\jre\bin\java.exe
0x00007ffddeea0000 - 0x00007ffddf07b000 	C:\Windows\SYSTEM32\ntdll.dll
0x00007ffddebe0000 - 0x00007ffddec8e000 	C:\Windows\System32\KERNEL32.DLL
0x00007ffddbfe0000 - 0x00007ffddc229000 	C:\Windows\System32\KERNELBASE.dll
0x00007ffddc630000 - 0x00007ffddc6d1000 	C:\Windows\System32\ADVAPI32.dll
0x00007ffdde530000 - 0x00007ffdde5cd000 	C:\Windows\System32\msvcrt.dll
0x00007ffdde4d0000 - 0x00007ffdde529000 	C:\Windows\System32\sechost.dll
0x00007ffdde770000 - 0x00007ffdde895000 	C:\Windows\System32\RPCRT4.dll
0x00007ffdded50000 - 0x00007ffddee9a000 	C:\Windows\System32\USER32.dll
0x00007ffddb630000 - 0x00007ffddb64e000 	C:\Windows\System32\win32u.dll
0x00007ffddec90000 - 0x00007ffddecb7000 	C:\Windows\System32\GDI32.dll
0x00007ffddbd50000 - 0x00007ffddbed8000 	C:\Windows\System32\gdi32full.dll
0x00007ffddb590000 - 0x00007ffddb62a000 	C:\Windows\System32\msvcp_win.dll
0x00007ffddb3c0000 - 0x00007ffddb4b6000 	C:\Windows\System32\ucrtbase.dll
0x00007ffdd0610000 - 0x00007ffdd0877000 	C:\Windows\WinSxS\amd64_microsoft.windows.common-controls_6595b64144ccf1df_6.0.15063.483_none_26002d27e7c744a2\COMCTL32.dll
0x00007ffddcd90000 - 0x00007ffddd089000 	C:\Windows\System32\combase.dll
0x00007ffddb520000 - 0x00007ffddb58a000 	C:\Windows\System32\bcryptPrimitives.dll
0x00007ffddeba0000 - 0x00007ffddebcd000 	C:\Windows\System32\IMM32.DLL
0x00000000527d0000 - 0x00000000528a2000 	C:\Program Files\Android\Android Studio\jre\jre\bin\msvcr100.dll
0x0000000051c70000 - 0x00000000524ac000 	C:\Program Files\Android\Android Studio\jre\jre\bin\server\jvm.dll
0x00007ffddc4d0000 - 0x00007ffddc4d8000 	C:\Windows\System32\PSAPI.DLL
0x00007ffdd1d00000 - 0x00007ffdd1d09000 	C:\Windows\SYSTEM32\WSOCK32.dll
0x00007ffddecc0000 - 0x00007ffdded2c000 	C:\Windows\System32\WS2_32.dll
0x00007ffdd9850000 - 0x00007ffdd9873000 	C:\Windows\SYSTEM32\WINMM.dll
0x00007ffdd4020000 - 0x00007ffdd402a000 	C:\Windows\SYSTEM32\VERSION.dll
0x00007ffdd96c0000 - 0x00007ffdd96eb000 	C:\Windows\SYSTEM32\WINMMBASE.dll
0x00007ffddbee0000 - 0x00007ffddbf29000 	C:\Windows\System32\cfgmgr32.dll
0x00007ffdbbb30000 - 0x00007ffdbbb3f000 	C:\Program Files\Android\Android Studio\jre\jre\bin\verify.dll
0x00007ffdb7c50000 - 0x00007ffdb7c79000 	C:\Program Files\Android\Android Studio\jre\jre\bin\java.dll
0x00007ffdba6f0000 - 0x00007ffdba706000 	C:\Program Files\Android\Android Studio\jre\jre\bin\zip.dll
0x00007ffddd090000 - 0x00007ffdde4c7000 	C:\Windows\System32\SHELL32.dll
0x00007ffddc4e0000 - 0x00007ffddc58a000 	C:\Windows\System32\shcore.dll
0x00007ffddb650000 - 0x00007ffddbd43000 	C:\Windows\System32\windows.storage.dll
0x00007ffddc470000 - 0x00007ffddc4c1000 	C:\Windows\System32\shlwapi.dll
0x00007ffddb310000 - 0x00007ffddb321000 	C:\Windows\System32\kernel.appcore.dll
0x00007ffddb350000 - 0x00007ffddb39c000 	C:\Windows\System32\powrprof.dll
0x00007ffddb3a0000 - 0x00007ffddb3b5000 	C:\Windows\System32\profapi.dll
0x00007ffdb9f20000 - 0x00007ffdb9f3a000 	C:\Program Files\Android\Android Studio\jre\jre\bin\net.dll
0x00007ffddabc0000 - 0x00007ffddac1c000 	C:\Windows\system32\mswsock.dll
0x00007ffdb9c70000 - 0x00007ffdb9c81000 	C:\Program Files\Android\Android Studio\jre\jre\bin\nio.dll
0x00007ffdbb8a0000 - 0x00007ffdbb8be000 	C:\Users\napon\.gradle\native\23\windows-amd64\native-platform.dll
0x00007ffddad70000 - 0x00007ffddad87000 	C:\Windows\SYSTEM32\CRYPTSP.dll
0x00007ffdda7e0000 - 0x00007ffdda814000 	C:\Windows\system32\rsaenh.dll
0x00007ffddb1e0000 - 0x00007ffddb205000 	C:\Windows\SYSTEM32\bcrypt.dll
0x00007ffddb210000 - 0x00007ffddb239000 	C:\Windows\SYSTEM32\USERENV.dll
0x00007ffddad60000 - 0x00007ffddad6b000 	C:\Windows\SYSTEM32\CRYPTBASE.dll
0x00007ffdda960000 - 0x00007ffdda997000 	C:\Windows\SYSTEM32\IPHLPAPI.DLL
0x00007ffddc460000 - 0x00007ffddc468000 	C:\Windows\System32\NSI.dll
0x00007ffdd7690000 - 0x00007ffdd76a6000 	C:\Windows\SYSTEM32\dhcpcsvc6.DLL
0x00007ffdd7670000 - 0x00007ffdd768a000 	C:\Windows\SYSTEM32\dhcpcsvc.DLL
0x00007ffdbb490000 - 0x00007ffdbb49d000 	C:\Program Files\Android\Android Studio\jre\jre\bin\management.dll
0x00007ffdd18a0000 - 0x00007ffdd1a49000 	C:\Windows\SYSTEM32\dbghelp.dll

VM Arguments:
jvm_args: -Xmx1536m -Dfile.encoding=x-windows-874 -Duser.country=US -Duser.language=en -Duser.variant 
java_command: org.gradle.launcher.daemon.bootstrap.GradleDaemon 3.3
java_class_path (initial): C:\Users\napon\.gradle\wrapper\dists\gradle-3.3-all\55gk2rcmfc6p2dg9u9ohc3hw9\gradle-3.3\lib\gradle-launcher-3.3.jar
Launcher Type: SUN_STANDARD

Environment Variables:
JAVA_HOME=C:\Program Files (x86)\Java\jre1.8.0_144
PATH=C:\ProgramData\Oracle\Java\javapath;C:\Windows\system32;C:\Windows;C:\Windows\System32\Wbem;C:\Windows\System32\WindowsPowerShell\v1.0\;C:\Program Files\Git\cmd;C:\Ruby24-x64\bin;C:\Users\napon\AppData\Local\Microsoft\WindowsApps
USERNAME=napkk
OS=Windows_NT
PROCESSOR_IDENTIFIER=AMD64 Family 16 Model 5 Stepping 3, AuthenticAMD



---------------  S Y S T E M  ---------------

OS: Windows 10.0 , 64 bit Build 15063 (10.0.15063.296)

CPU:total 3 (3 cores per cpu, 1 threads per core) family 16 model 5 stepping 3, cmov, cx8, fxsr, mmx, sse, sse2, sse3, popcnt, mmxext, 3dnowpref, lzcnt, sse4a, tsc, tscinvbit, tscinv

Memory: 4k page, physical 4191540k(865492k free), swap 7861556k(3768708k free)

vm_info: OpenJDK 64-Bit Server VM (25.112-b06) for windows-amd64 JRE (1.8.0_112-release-b06), built on Dec  8 2016 00:54:26 by "builder" with MS VC++ 10.0 (VS2010)

time: Wed Sep 13 19:45:50 2017
elapsed time: 25 seconds (0d 0h 0m 25s)

